2023-11-01 09:58:50,437 [INFO] Activator:177 - 


2023-11-01 09:58:50,439 [INFO] Activator:178 - !SESSION log4j initialized
2023-11-01 09:58:54,679 [INFO] McuFinderGlobals:39 - Set McuFinder mode to 2 (CubeIDE integrated)
2023-11-01 09:58:55,310 [INFO] ApplicationProperties:181 - Using Application install path: C:\ST\STM32CubeIDE_1.7.0\STM32CubeIDE\plugins\com.st.stm32cube.common.mx_6.3.0.202107141111
2023-11-01 09:58:55,318 [INFO] DbMcusXml:74 - Set database path to: C:\ST\STM32CubeIDE_1.7.0\STM32CubeIDE\plugins\com.st.stm32cube.common.mx_6.3.0.202107141111\\db\/mcu/
2023-11-01 09:58:55,320 [INFO] DbBoardsPdsc:56 - Set plugin database path to: C:\ST\STM32CubeIDE_1.7.0\STM32CubeIDE\plugins\com.st.stm32cube.common.mx_6.3.0.202107141111\\db\/plugins/boardmanager/
2023-11-01 09:58:55,320 [INFO] DbMcus:258 - Set plugin images path to: C:\ST\STM32CubeIDE_1.7.0\STM32CubeIDE\plugins\com.st.stm32cube.common.mx_6.3.0.202107141111\\db\/plugins/mcufinder/images/
2023-11-01 09:58:55,320 [INFO] DbBoards:264 - Set plugin images path to: C:\ST\STM32CubeIDE_1.7.0\STM32CubeIDE\plugins\com.st.stm32cube.common.mx_6.3.0.202107141111\\db\/plugins/mcufinder/images/
2023-11-01 09:58:55,322 [INFO] DbExamples:333 - Set plugin images path to: C:\ST\STM32CubeIDE_1.7.0\STM32CubeIDE\plugins\com.st.stm32cube.common.mx_6.3.0.202107141111\\db\/plugins/mcufinder/images/
2023-11-01 09:58:55,325 [INFO] DbMcusAds:119 - Set database path to: C:\Users\nvnha\.stmcufinder\plugins\mcufinder//mcu/
2023-11-01 09:58:55,326 [INFO] DbMcusDocs:110 - Set database path to: C:\Users\nvnha\.stmcufinder\plugins\mcufinder//mcu/
2023-11-01 09:58:55,327 [INFO] DbMcusJson:64 - Set database path to: C:\Users\nvnha\.stmcufinder\plugins\mcufinder//mcu/
2023-11-01 09:58:55,327 [INFO] DbBoardsDocs:110 - Set database path to: C:\Users\nvnha\.stmcufinder\plugins\mcufinder//mcu/
2023-11-01 09:58:55,328 [INFO] DbBoardsJson:57 - Set database path to: C:\Users\nvnha\.stmcufinder\plugins\mcufinder//mcu/
2023-11-01 09:58:56,320 [INFO] CrossReferenceDbSqlite:196 - Set database path to: C:\Users\nvnha\.stmcufinder\plugins\mcufinder//mcu/cs/
2023-11-01 09:58:56,323 [INFO] DbExamplesSqlite:767 - Set database path to: C:\Users\nvnha\.stmcufinder\plugins\mcufinder//mcu/
2023-11-01 09:58:56,385 [INFO] RulesReader:57 - Compatibility file has been processed (242 Rules)
2023-11-01 09:58:56,439 [INFO] DbMcusXml:74 - Set database path to: C:\ST\STM32CubeIDE_1.7.0\STM32CubeIDE\plugins\com.st.stm32cube.common.mx_6.3.0.202107141111\\db\/mcu/
2023-11-01 09:58:56,440 [INFO] DbBoardsPdsc:56 - Set plugin database path to: C:\ST\STM32CubeIDE_1.7.0\STM32CubeIDE\plugins\com.st.stm32cube.common.mx_6.3.0.202107141111\\db\/plugins/boardmanager/
2023-11-01 09:58:56,440 [INFO] DbMcus:258 - Set plugin images path to: C:\ST\STM32CubeIDE_1.7.0\STM32CubeIDE\plugins\com.st.stm32cube.common.mx_6.3.0.202107141111\\db\/plugins/mcufinder/images/
2023-11-01 09:58:56,440 [INFO] DbBoards:264 - Set plugin images path to: C:\ST\STM32CubeIDE_1.7.0\STM32CubeIDE\plugins\com.st.stm32cube.common.mx_6.3.0.202107141111\\db\/plugins/mcufinder/images/
2023-11-01 09:58:56,441 [INFO] DbExamples:333 - Set plugin images path to: C:\ST\STM32CubeIDE_1.7.0\STM32CubeIDE\plugins\com.st.stm32cube.common.mx_6.3.0.202107141111\\db\/plugins/mcufinder/images/
2023-11-01 09:58:56,441 [WARN] DbFile:35 - Overriding database path with different value: C:\Users\nvnha\.stmcufinder\plugins\mcufinder/ => C:\Users\nvnha\.stmcufinder\plugins\mcufinder
2023-11-01 09:58:56,441 [INFO] DbMcusAds:119 - Set database path to: C:\Users\nvnha\.stmcufinder\plugins\mcufinder//mcu/
2023-11-01 09:58:56,441 [WARN] DbFile:35 - Overriding database path with different value: C:\Users\nvnha\.stmcufinder\plugins\mcufinder/ => C:\Users\nvnha\.stmcufinder\plugins\mcufinder
2023-11-01 09:58:56,441 [INFO] DbMcusDocs:110 - Set database path to: C:\Users\nvnha\.stmcufinder\plugins\mcufinder//mcu/
2023-11-01 09:58:56,441 [WARN] DbFile:35 - Overriding database path with different value: C:\Users\nvnha\.stmcufinder\plugins\mcufinder/ => C:\Users\nvnha\.stmcufinder\plugins\mcufinder
2023-11-01 09:58:56,441 [INFO] DbMcusJson:64 - Set database path to: C:\Users\nvnha\.stmcufinder\plugins\mcufinder//mcu/
2023-11-01 09:58:56,441 [WARN] DbFile:35 - Overriding database path with different value: C:\Users\nvnha\.stmcufinder\plugins\mcufinder/ => C:\Users\nvnha\.stmcufinder\plugins\mcufinder
2023-11-01 09:58:56,441 [INFO] DbBoardsDocs:110 - Set database path to: C:\Users\nvnha\.stmcufinder\plugins\mcufinder//mcu/
2023-11-01 09:58:56,441 [WARN] DbFile:35 - Overriding database path with different value: C:\Users\nvnha\.stmcufinder\plugins\mcufinder/ => C:\Users\nvnha\.stmcufinder\plugins\mcufinder
2023-11-01 09:58:56,441 [INFO] DbBoardsJson:57 - Set database path to: C:\Users\nvnha\.stmcufinder\plugins\mcufinder//mcu/
2023-11-01 09:58:56,441 [WARN] DbFile:35 - Overriding database path with different value: C:\Users\nvnha\.stmcufinder\plugins\mcufinder/ => C:\Users\nvnha\.stmcufinder\plugins\mcufinder
2023-11-01 09:58:56,441 [WARN] DbFile:35 - Overriding database path with different value: C:\Users\nvnha\.stmcufinder\plugins\mcufinder/ => C:\Users\nvnha\.stmcufinder\plugins\mcufinder
2023-11-01 09:58:57,311 [INFO] CrossReferenceDbSqlite:196 - Set database path to: C:\Users\nvnha\.stmcufinder\plugins\mcufinder//mcu/cs/
2023-11-01 09:58:57,311 [WARN] DbFile:35 - Overriding database path with different value: C:\Users\nvnha\.stmcufinder\plugins\mcufinder/ => C:\Users\nvnha\.stmcufinder\plugins\mcufinder
2023-11-01 09:58:57,311 [INFO] DbExamplesSqlite:767 - Set database path to: C:\Users\nvnha\.stmcufinder\plugins\mcufinder//mcu/
2023-11-01 09:58:57,352 [INFO] MainPanel:214 - HeapMemory: 268435456
2023-11-01 09:58:57,397 [INFO] DbMcusXml:74 - Set database path to: C:\ST\STM32CubeIDE_1.7.0\STM32CubeIDE\plugins\com.st.stm32cube.common.mx_6.3.0.202107141111\\db\/mcu/
2023-11-01 09:58:57,397 [INFO] DbBoardsPdsc:56 - Set plugin database path to: C:\ST\STM32CubeIDE_1.7.0\STM32CubeIDE\plugins\com.st.stm32cube.common.mx_6.3.0.202107141111\\db\/plugins/boardmanager/
2023-11-01 09:58:57,397 [INFO] DbMcus:258 - Set plugin images path to: C:\ST\STM32CubeIDE_1.7.0\STM32CubeIDE\plugins\com.st.stm32cube.common.mx_6.3.0.202107141111\\db\/plugins/mcufinder/images/
2023-11-01 09:58:57,397 [INFO] DbBoards:264 - Set plugin images path to: C:\ST\STM32CubeIDE_1.7.0\STM32CubeIDE\plugins\com.st.stm32cube.common.mx_6.3.0.202107141111\\db\/plugins/mcufinder/images/
2023-11-01 09:58:57,397 [INFO] DbExamples:333 - Set plugin images path to: C:\ST\STM32CubeIDE_1.7.0\STM32CubeIDE\plugins\com.st.stm32cube.common.mx_6.3.0.202107141111\\db\/plugins/mcufinder/images/
2023-11-01 09:58:57,397 [WARN] DbFile:35 - Overriding database path with different value: C:\Users\nvnha\.stmcufinder\plugins\mcufinder/ => C:\Users\nvnha\.stmcufinder\plugins\mcufinder
2023-11-01 09:58:57,397 [INFO] DbMcusAds:119 - Set database path to: C:\Users\nvnha\.stmcufinder\plugins\mcufinder//mcu/
2023-11-01 09:58:57,397 [WARN] DbFile:35 - Overriding database path with different value: C:\Users\nvnha\.stmcufinder\plugins\mcufinder/ => C:\Users\nvnha\.stmcufinder\plugins\mcufinder
2023-11-01 09:58:57,398 [INFO] DbMcusDocs:110 - Set database path to: C:\Users\nvnha\.stmcufinder\plugins\mcufinder//mcu/
2023-11-01 09:58:57,398 [WARN] DbFile:35 - Overriding database path with different value: C:\Users\nvnha\.stmcufinder\plugins\mcufinder/ => C:\Users\nvnha\.stmcufinder\plugins\mcufinder
2023-11-01 09:58:57,398 [INFO] DbMcusJson:64 - Set database path to: C:\Users\nvnha\.stmcufinder\plugins\mcufinder//mcu/
2023-11-01 09:58:57,398 [WARN] DbFile:35 - Overriding database path with different value: C:\Users\nvnha\.stmcufinder\plugins\mcufinder/ => C:\Users\nvnha\.stmcufinder\plugins\mcufinder
2023-11-01 09:58:57,398 [INFO] DbBoardsDocs:110 - Set database path to: C:\Users\nvnha\.stmcufinder\plugins\mcufinder//mcu/
2023-11-01 09:58:57,398 [WARN] DbFile:35 - Overriding database path with different value: C:\Users\nvnha\.stmcufinder\plugins\mcufinder/ => C:\Users\nvnha\.stmcufinder\plugins\mcufinder
2023-11-01 09:58:57,398 [INFO] DbBoardsJson:57 - Set database path to: C:\Users\nvnha\.stmcufinder\plugins\mcufinder//mcu/
2023-11-01 09:58:57,398 [WARN] DbFile:35 - Overriding database path with different value: C:\Users\nvnha\.stmcufinder\plugins\mcufinder/ => C:\Users\nvnha\.stmcufinder\plugins\mcufinder
2023-11-01 09:58:57,398 [WARN] DbFile:35 - Overriding database path with different value: C:\Users\nvnha\.stmcufinder\plugins\mcufinder/ => C:\Users\nvnha\.stmcufinder\plugins\mcufinder
2023-11-01 09:58:58,309 [INFO] CrossReferenceDbSqlite:196 - Set database path to: C:\Users\nvnha\.stmcufinder\plugins\mcufinder//mcu/cs/
2023-11-01 09:58:58,310 [WARN] DbFile:35 - Overriding database path with different value: C:\Users\nvnha\.stmcufinder\plugins\mcufinder/ => C:\Users\nvnha\.stmcufinder\plugins\mcufinder
2023-11-01 09:58:58,310 [INFO] DbExamplesSqlite:767 - Set database path to: C:\Users\nvnha\.stmcufinder\plugins\mcufinder//mcu/
2023-11-01 09:58:58,322 [INFO] ApplicationProperties:181 - Using Application install path: C:\ST\STM32CubeIDE_1.7.0\STM32CubeIDE\plugins\com.st.stm32cube.common.mx_6.3.0.202107141111
2023-11-01 09:58:58,323 [INFO] PluginManage:188 - Search for loadable plugins [exclusion list=, ]
2023-11-01 09:58:58,324 [INFO] PluginManage:302 - Check plugin analytics
2023-11-01 09:58:59,357 [INFO] AnalyticsPlugin:257 - Accepted Software Licenses: 
2023-11-01 09:58:59,357 [INFO] AnalyticsPlugin:259 - Accepted CMSIS Pack Licenses: 
2023-11-01 09:58:59,357 [INFO] AnalyticsPlugin:261 - Accepted Firmware Licenses: 
2023-11-01 09:58:59,357 [INFO] PluginManage:352 - Loaded plugin analytics (category:tool,tabindex:-1)
2023-11-01 09:58:59,357 [INFO] PluginManage:302 - Check plugin clock
2023-11-01 09:58:59,365 [INFO] PluginManage:352 - Loaded plugin clock (category:base,tabindex:2)
2023-11-01 09:58:59,365 [INFO] PluginManage:302 - Check plugin ddr
2023-11-01 09:58:59,366 [INFO] PluginManage:352 - Loaded plugin ddr (category:tool,tabindex:6)
2023-11-01 09:58:59,366 [INFO] PluginManage:302 - Check plugin filemanager
2023-11-01 09:58:59,446 [INFO] PluginManage:352 - Loaded plugin filemanager (category:base,tabindex:10)
2023-11-01 09:58:59,446 [INFO] PluginManage:302 - Check plugin ipmanager
2023-11-01 09:58:59,452 [INFO] PluginManage:352 - Loaded plugin ipmanager (category:base,tabindex:5)
2023-11-01 09:58:59,452 [INFO] PluginManage:302 - Check plugin pinoutandconfiguration
2023-11-01 09:58:59,458 [INFO] PluginManage:352 - Loaded plugin pinoutandconfiguration (category:base,tabindex:1)
2023-11-01 09:58:59,458 [INFO] PluginManage:302 - Check plugin pinoutconfig
2023-11-01 09:58:59,476 [INFO] PluginManage:352 - Loaded plugin pinoutconfig (category:base,tabindex:0)
2023-11-01 09:58:59,476 [INFO] PluginManage:302 - Check plugin power
2023-11-01 09:58:59,482 [INFO] PluginManage:352 - Loaded plugin power (category:power,tabindex:4)
2023-11-01 09:58:59,482 [INFO] PluginManage:302 - Check plugin projectmanager
2023-11-01 09:58:59,494 [INFO] PluginManage:352 - Loaded plugin projectmanager (category:projectmanager,tabindex:3)
2023-11-01 09:58:59,494 [INFO] PluginManage:302 - Check plugin thirdparty
2023-11-01 09:58:59,573 [INFO] PluginManage:352 - Loaded plugin thirdparty (category:base,tabindex:-1)
2023-11-01 09:58:59,573 [WARN] IntegrityCheckThread:78 - waiting for thirdparty lock release [integrity check]
2023-11-01 09:58:59,573 [INFO] PluginManage:302 - Check plugin tools
2023-11-01 09:58:59,574 [INFO] IntegrityCheckThread:80 - entering critical section [integrity check]
2023-11-01 09:58:59,574 [INFO] ThirdPartyUpdaterWithRetryManager:66 - Updater plugin not ready yet. [1/15]
2023-11-01 09:58:59,575 [INFO] PluginManage:352 - Loaded plugin tools (category:base,tabindex:7)
2023-11-01 09:58:59,575 [INFO] PluginManage:302 - Check plugin tutovideos
2023-11-01 09:58:59,721 [INFO] PluginManage:352 - Loaded plugin tutovideos (category:base,tabindex:-1)
2023-11-01 09:58:59,722 [INFO] PluginManage:302 - Check plugin updater
2023-11-01 09:58:59,730 [INFO] PluginManage:352 - Loaded plugin updater (category:base,tabindex:12)
2023-11-01 09:58:59,730 [INFO] PluginManage:275 - PluginManage : Loaded plugins [13]
2023-11-01 09:58:59,840 [INFO] PinOutPanel:1463 - setPackage(No Configuration,No Configuration)
2023-11-01 09:58:59,896 [INFO] IPUIPlugin:74 - create IPUIPlugin
2023-11-01 09:58:59,896 [INFO] PluginManager:213 - loadIPPluginJar : add adc
2023-11-01 09:58:59,898 [INFO] IPUIPlugin:74 - create IPUIPlugin
2023-11-01 09:58:59,898 [INFO] PluginManager:213 - loadIPPluginJar : add aes
2023-11-01 09:58:59,899 [INFO] IPUIPlugin:74 - create IPUIPlugin
2023-11-01 09:58:59,899 [INFO] PluginManager:213 - loadIPPluginJar : add can
2023-11-01 09:58:59,900 [INFO] IPUIPlugin:74 - create IPUIPlugin
2023-11-01 09:58:59,900 [INFO] PluginManager:213 - loadIPPluginJar : add comp
2023-11-01 09:58:59,902 [INFO] IPUIPlugin:74 - create IPUIPlugin
2023-11-01 09:58:59,902 [INFO] PluginManager:213 - loadIPPluginJar : add cryp
2023-11-01 09:58:59,903 [INFO] IPUIPlugin:74 - create IPUIPlugin
2023-11-01 09:58:59,903 [INFO] PluginManager:213 - loadIPPluginJar : add dfsdm
2023-11-01 09:58:59,907 [INFO] IPUIPlugin:74 - create IPUIPlugin
2023-11-01 09:58:59,907 [INFO] PluginManager:213 - loadIPPluginJar : add dma
2023-11-01 09:58:59,909 [INFO] IPUIPlugin:74 - create IPUIPlugin
2023-11-01 09:58:59,909 [INFO] PluginManager:213 - loadIPPluginJar : add dma3
2023-11-01 09:58:59,910 [INFO] IPUIPlugin:74 - create IPUIPlugin
2023-11-01 09:58:59,910 [INFO] PluginManager:213 - loadIPPluginJar : add fatfs
2023-11-01 09:58:59,913 [INFO] IPUIPlugin:74 - create IPUIPlugin
2023-11-01 09:58:59,913 [INFO] PluginManager:213 - loadIPPluginJar : add fmc
2023-11-01 09:58:59,916 [INFO] IPUIPlugin:74 - create IPUIPlugin
2023-11-01 09:58:59,916 [INFO] PluginManager:213 - loadIPPluginJar : add freertos
2023-11-01 09:58:59,917 [INFO] IPUIPlugin:74 - create IPUIPlugin
2023-11-01 09:58:59,917 [INFO] PluginManager:213 - loadIPPluginJar : add genericplugin
2023-11-01 09:58:59,918 [INFO] IPUIPlugin:74 - create IPUIPlugin
2023-11-01 09:58:59,919 [INFO] PluginManager:213 - loadIPPluginJar : add gfxmmu
2023-11-01 09:58:59,923 [INFO] IPUIPlugin:74 - create IPUIPlugin
2023-11-01 09:58:59,923 [INFO] PluginManager:213 - loadIPPluginJar : add gic
2023-11-01 09:58:59,925 [INFO] IPUIPlugin:74 - create IPUIPlugin
2023-11-01 09:58:59,925 [INFO] PluginManager:213 - loadIPPluginJar : add gpio
2023-11-01 09:58:59,927 [INFO] IPUIPlugin:74 - create IPUIPlugin
2023-11-01 09:58:59,927 [INFO] PluginManager:213 - loadIPPluginJar : add gtzc
2023-11-01 09:58:59,928 [INFO] IPUIPlugin:74 - create IPUIPlugin
2023-11-01 09:58:59,928 [INFO] PluginManager:213 - loadIPPluginJar : add hash
2023-11-01 09:58:59,930 [INFO] IPUIPlugin:74 - create IPUIPlugin
2023-11-01 09:58:59,930 [INFO] PluginManager:213 - loadIPPluginJar : add i2c
2023-11-01 09:58:59,931 [INFO] IPUIPlugin:74 - create IPUIPlugin
2023-11-01 09:58:59,931 [INFO] PluginManager:213 - loadIPPluginJar : add i2s
2023-11-01 09:58:59,933 [INFO] IPUIPlugin:74 - create IPUIPlugin
2023-11-01 09:58:59,933 [INFO] PluginManager:213 - loadIPPluginJar : add ipddr
2023-11-01 09:58:59,938 [INFO] IPUIPlugin:74 - create IPUIPlugin
2023-11-01 09:58:59,938 [INFO] PluginManager:213 - loadIPPluginJar : add linkedlist
2023-11-01 09:58:59,939 [INFO] IPUIPlugin:74 - create IPUIPlugin
2023-11-01 09:58:59,939 [INFO] PluginManager:213 - loadIPPluginJar : add lorawan
2023-11-01 09:58:59,940 [INFO] IPUIPlugin:74 - create IPUIPlugin
2023-11-01 09:58:59,940 [INFO] PluginManager:213 - loadIPPluginJar : add ltdc
2023-11-01 09:58:59,943 [INFO] IPUIPlugin:74 - create IPUIPlugin
2023-11-01 09:58:59,943 [INFO] PluginManager:213 - loadIPPluginJar : add mdma
2023-11-01 09:58:59,945 [INFO] IPUIPlugin:74 - create IPUIPlugin
2023-11-01 09:58:59,945 [INFO] PluginManager:213 - loadIPPluginJar : add nvic
2023-11-01 09:58:59,947 [INFO] IPUIPlugin:74 - create IPUIPlugin
2023-11-01 09:58:59,947 [INFO] PluginManager:213 - loadIPPluginJar : add opamp
2023-11-01 09:58:59,948 [INFO] IPUIPlugin:74 - create IPUIPlugin
2023-11-01 09:58:59,948 [INFO] PluginManager:213 - loadIPPluginJar : add openamp
2023-11-01 09:58:59,950 [INFO] IPUIPlugin:74 - create IPUIPlugin
2023-11-01 09:58:59,950 [INFO] PluginManager:213 - loadIPPluginJar : add pdm2pcm
2023-11-01 09:58:59,954 [INFO] IPUIPlugin:74 - create IPUIPlugin
2023-11-01 09:58:59,956 [INFO] PluginManager:213 - loadIPPluginJar : add plateformsettings
2023-11-01 09:58:59,957 [INFO] IPUIPlugin:74 - create IPUIPlugin
2023-11-01 09:58:59,957 [INFO] PluginManager:213 - loadIPPluginJar : add quadspi
2023-11-01 09:58:59,959 [INFO] IPUIPlugin:74 - create IPUIPlugin
2023-11-01 09:58:59,959 [INFO] PluginManager:213 - loadIPPluginJar : add resmgrutility
2023-11-01 09:58:59,961 [INFO] IPUIPlugin:74 - create IPUIPlugin
2023-11-01 09:58:59,961 [INFO] PluginManager:213 - loadIPPluginJar : add sai
2023-11-01 09:58:59,963 [INFO] IPUIPlugin:74 - create IPUIPlugin
2023-11-01 09:58:59,963 [INFO] PluginManager:213 - loadIPPluginJar : add spi
2023-11-01 09:58:59,965 [INFO] IPUIPlugin:74 - create IPUIPlugin
2023-11-01 09:58:59,965 [INFO] PluginManager:213 - loadIPPluginJar : add stm32_wpan
2023-11-01 09:58:59,967 [INFO] IPUIPlugin:74 - create IPUIPlugin
2023-11-01 09:58:59,967 [INFO] PluginManager:213 - loadIPPluginJar : add tim
2023-11-01 09:58:59,969 [INFO] IPUIPlugin:74 - create IPUIPlugin
2023-11-01 09:58:59,969 [INFO] PluginManager:213 - loadIPPluginJar : add touchsensing
2023-11-01 09:58:59,970 [INFO] IPUIPlugin:74 - create IPUIPlugin
2023-11-01 09:58:59,970 [INFO] PluginManager:213 - loadIPPluginJar : add tracer_emb
2023-11-01 09:58:59,971 [INFO] IPUIPlugin:74 - create IPUIPlugin
2023-11-01 09:58:59,971 [INFO] PluginManager:213 - loadIPPluginJar : add ts
2023-11-01 09:58:59,972 [INFO] IPUIPlugin:74 - create IPUIPlugin
2023-11-01 09:58:59,972 [INFO] PluginManager:213 - loadIPPluginJar : add tsc
2023-11-01 09:58:59,973 [INFO] IPUIPlugin:74 - create IPUIPlugin
2023-11-01 09:58:59,973 [INFO] PluginManager:213 - loadIPPluginJar : add ucpd
2023-11-01 09:58:59,975 [INFO] IPUIPlugin:74 - create IPUIPlugin
2023-11-01 09:58:59,975 [INFO] PluginManager:213 - loadIPPluginJar : add usart
2023-11-01 09:58:59,976 [INFO] IPUIPlugin:74 - create IPUIPlugin
2023-11-01 09:58:59,976 [INFO] PluginManager:213 - loadIPPluginJar : add usbx
2023-11-01 09:59:00,208 [FATAL] Updater:294 - Updater called before beeing initialized
2023-11-01 09:59:00,283 [FATAL] Updater:294 - Updater called before beeing initialized
2023-11-01 09:59:00,286 [INFO] DbMcusAds:47 - JSON generation date=Tue Mar 07 15:50:55 ICT 2023 (1678179055114)
2023-11-01 09:59:00,287 [FATAL] Updater:294 - Updater called before beeing initialized
2023-11-01 09:59:00,310 [WARN] DetailPanel:314 - Failed to get advertising image, set to default
2023-11-01 09:59:00,384 [FATAL] Updater:294 - Updater called before beeing initialized
2023-11-01 09:59:00,386 [FATAL] Updater:294 - Updater called before beeing initialized
2023-11-01 09:59:00,386 [FATAL] Updater:294 - Updater called before beeing initialized
2023-11-01 09:59:00,386 [WARN] DetailPanel:314 - Failed to get advertising image, set to default
2023-11-01 09:59:00,387 [FATAL] Updater:294 - Updater called before beeing initialized
2023-11-01 09:59:00,424 [ERROR] Updater:1075 - MainUpdater not yet initialized. External WinMGr cannot be set.
2023-11-01 09:59:00,426 [INFO] Updater:1012 - Updater Version found : 6.3.0
2023-11-01 09:59:00,438 [INFO] ApplicationProperties:181 - Using Application install path: C:\ST\STM32CubeIDE_1.7.0\STM32CubeIDE\plugins\com.st.stm32cube.common.mx_6.3.0.202107141111
2023-11-01 09:59:00,626 [INFO] MainUpdater:2671 - connection check result : 10
2023-11-01 09:59:00,627 [INFO] MainUpdater:265 - Updater Check For Update Now.
2023-11-01 09:59:00,627 [INFO] MicroXplorer:478 - Change Database Version : DB.6.0.30
2023-11-01 09:59:00,765 [INFO] CheckServerUpdateThread:112 - End of CheckServer Thread
2023-11-01 09:59:00,842 [INFO] MainUpdater:2671 - connection check result : 10
2023-11-01 09:59:00,844 [INFO] McuFinderGlobals:52 - Set McuFinderConnectedMode to true
2023-11-01 09:59:01,033 [INFO] ServerAccessManage:362 - Download File mcusAds.json._tmp_
2023-11-01 09:59:01,147 [INFO] LoadUrlFilesThread:145 - End of LoadUrlFiles Thread
2023-11-01 09:59:02,588 [WARN] MainUpdater:1122 - Updater busy. Cannot search thirdparties
2023-11-01 09:59:02,588 [INFO] ThirdPartyUpdaterWithRetryManager:92 - Updater plugin is busy. [1/15]
2023-11-01 09:59:02,950 [INFO] ServerAccessManage:362 - Download File mcusDocs.json._tmp_
2023-11-01 09:59:03,997 [INFO] LoadUrlFilesThread:145 - End of LoadUrlFiles Thread
2023-11-01 09:59:04,210 [INFO] ServerAccessManage:362 - Download File mcusFeaturesAndDescription.json._tmp_
2023-11-01 09:59:04,817 [INFO] LoadUrlFilesThread:145 - End of LoadUrlFiles Thread
2023-11-01 09:59:05,051 [INFO] ServerAccessManage:362 - Download File boardsDocs.json._tmp_
2023-11-01 09:59:05,178 [INFO] LoadUrlFilesThread:145 - End of LoadUrlFiles Thread
2023-11-01 09:59:05,515 [INFO] ServerAccessManage:362 - Download File boards.json._tmp_
2023-11-01 09:59:05,590 [WARN] MainUpdater:1122 - Updater busy. Cannot search thirdparties
2023-11-01 09:59:05,590 [INFO] ThirdPartyUpdaterWithRetryManager:92 - Updater plugin is busy. [2/15]
2023-11-01 09:59:06,579 [INFO] LoadUrlFilesThread:145 - End of LoadUrlFiles Thread
2023-11-01 09:59:06,696 [INFO] ServerAccessManage:362 - Download File cube-finder-db.zip
2023-11-01 09:59:07,880 [INFO] FileExtend:235 - Unzip File : cube-finder-db.zip
2023-11-01 09:59:07,881 [INFO] FileExtend:250 - Standard Zip Deflate
2023-11-01 09:59:08,439 [INFO] LoadUrlFilesThread:145 - End of LoadUrlFiles Thread
2023-11-01 09:59:08,696 [ERROR] Engine:463 - C:\Users\nvnha\.stm32cubemx\thirdparties\pdsc\STMicroelectronics.X-CUBE-SMBUS.2.1.0.pdsc: PDSC version is not supported
2023-11-01 09:59:08,733 [WARN] PackLoader:238 - Cannot read IP mode file for STMicroelectronics.X-CUBE-AZRTOS-F7.1.1.0
2023-11-01 09:59:08,740 [ERROR] Engine:463 - C:\Users\nvnha\.stm32cubemx\thirdparties\pdsc\STMicroelectronics.FP-SNS-MOTENV1.4.3.2.pdsc: PDSC version is not supported
2023-11-01 09:59:08,741 [ERROR] Engine:463 - C:\Users\nvnha\.stm32cubemx\thirdparties\pdsc\STMicroelectronics.FP-SNS-FLIGHT1.5.0.2.pdsc: PDSC version is not supported
2023-11-01 09:59:08,743 [ERROR] Engine:463 - C:\Users\nvnha\.stm32cubemx\thirdparties\pdsc\STMicroelectronics.X-CUBE-DISPLAY.3.0.0.pdsc: PDSC version is not supported
2023-11-01 09:59:08,748 [WARN] PackLoader:238 - Cannot read IP mode file for STMicroelectronics.X-CUBE-BLE1.7.0.0
2023-11-01 09:59:08,750 [ERROR] Engine:463 - C:\Users\nvnha\.stm32cubemx\thirdparties\pdsc\emotas.I-CUBE-CANOPEN.1.3.0.pdsc: PDSC version is not supported
2023-11-01 09:59:08,753 [WARN] PackLoader:238 - Cannot read IP mode file for STMicroelectronics.X-CUBE-TOUCHGFX.4.22.0
2023-11-01 09:59:08,755 [WARN] PackLoader:238 - Cannot read IP mode file for STMicroelectronics.X-CUBE-TOUCHGFX.4.22.1
2023-11-01 09:59:08,756 [ERROR] Engine:463 - C:\Users\nvnha\.stm32cubemx\thirdparties\pdsc\STMicroelectronics.FP-SNS-SMARTAG2.1.2.0.pdsc: PDSC version is not supported
2023-11-01 09:59:08,763 [INFO] LogOutputStream:76 - [STDOUT_REDIRECT] 1 : Invalid condition id : UX_CORESTACK_Condition cause : null
2023-11-01 09:59:08,764 [INFO] LogOutputStream:76 - [STDOUT_REDIRECT] 1 : Invalid condition id : UX_CORESTACK_Condition cause : null
2023-11-01 09:59:08,765 [INFO] LogOutputStream:76 - [STDOUT_REDIRECT] 1 : Invalid condition id : UX_CORESTACK_Condition cause : null
2023-11-01 09:59:08,765 [INFO] LogOutputStream:76 - [STDOUT_REDIRECT] 1 : Invalid condition id : UX_CORESTACK_Condition cause : null
2023-11-01 09:59:08,766 [INFO] LogOutputStream:76 - [STDOUT_REDIRECT] 1 : Invalid condition id : UX_CORESTACK_Condition cause : null
2023-11-01 09:59:08,768 [WARN] PackLoader:238 - Cannot read IP mode file for STMicroelectronics.X-CUBE-AZRTOS-WL.2.0.0
2023-11-01 09:59:08,775 [WARN] PackLoader:238 - Cannot read IP mode file for WES.I-CUBE-Cesium.1.3.0
2023-11-01 09:59:08,778 [WARN] PackLoader:238 - Cannot read IP mode file for STMicroelectronics.X-CUBE-BLE2.3.3.0
2023-11-01 09:59:08,783 [WARN] PackLoader:238 - Cannot read IP mode file for STMicroelectronics.X-CUBE-ALGOBUILD.1.3.0
2023-11-01 09:59:08,795 [WARN] PackLoader:238 - Cannot read IP mode file for STMicroelectronics.X-CUBE-AZRTOS-G0.1.1.0
2023-11-01 09:59:08,801 [WARN] PackLoader:238 - Cannot read IP mode file for STMicroelectronics.X-CUBE-NFC4.3.0.0
2023-11-01 09:59:08,804 [ERROR] Engine:463 - C:\Users\nvnha\.stm32cubemx\thirdparties\pdsc\STMicroelectronics.X-CUBE-BLEMGR.3.0.0.pdsc: PDSC version is not supported
2023-11-01 09:59:08,806 [WARN] PackLoader:238 - Cannot read IP mode file for STMicroelectronics.FP-ATR-SIGFOX1.3.2.0
2023-11-01 09:59:08,830 [WARN] PackLoader:238 - Cannot read IP mode file for SEGGER.I-CUBE-embOS.1.3.1
2023-11-01 09:59:08,862 [WARN] PackLoader:238 - Cannot read IP mode file for STMicroelectronics.X-CUBE-GNSS1.6.0.0
2023-11-01 09:59:08,874 [WARN] PackLoader:238 - Cannot read IP mode file for STMicroelectronics.X-CUBE-AZRTOS-F4.1.1.0
2023-11-01 09:59:08,879 [WARN] PackLoader:238 - Cannot read IP mode file for wolfSSL.I-CUBE-wolfSSL.5.6.3
2023-11-01 09:59:08,893 [WARN] PackLoader:238 - Cannot read IP mode file for STMicroelectronics.X-CUBE-AZRTOS-L5.2.0.0
2023-11-01 09:59:08,924 [WARN] PackLoader:238 - Cannot read IP mode file for STMicroelectronics.X-CUBE-MEMS1.9.6.0
2023-11-01 09:59:09,054 [WARN] PackLoader:238 - Cannot read IP mode file for STMicroelectronics.X-CUBE-EEPRMA1.4.2.0
2023-11-01 09:59:09,056 [ERROR] Engine:463 - C:\Users\nvnha\.stm32cubemx\thirdparties\pdsc\ITTIA_DB.I-CUBE-ITTIADB.8.8.0.pdsc: PDSC version is not supported
2023-11-01 09:59:09,061 [WARN] PackLoader:238 - Cannot read IP mode file for STMicroelectronics.X-CUBE-BLEMGR.2.0.0
2023-11-01 09:59:09,074 [WARN] ConditionMgr:437 - getConditionDescription Invalid condition id : UX DEVICE CLASS RTOS Condition cause : null
2023-11-01 09:59:09,074 [WARN] ConditionMgr:437 - getConditionDescription Invalid condition id : UX DEVICE CLASS RTOS Condition cause : null
2023-11-01 09:59:09,076 [WARN] PackLoader:238 - Cannot read IP mode file for STMicroelectronics.X-CUBE-AZRTOS-H7.3.1.0
2023-11-01 09:59:09,077 [WARN] ConditionMgr:1038 - genDependencies : Invalid condition id : UX DEVICE CLASS RTOS Condition cause : null
2023-11-01 09:59:09,077 [WARN] ConditionMgr:1038 - genDependencies : Invalid condition id : UX DEVICE CLASS RTOS Condition cause : null
2023-11-01 09:59:09,078 [WARN] ConditionMgr:1038 - genDependencies : Invalid condition id : UX DEVICE CLASS RTOS Condition cause : null
2023-11-01 09:59:09,078 [WARN] ConditionMgr:1038 - genDependencies : Invalid condition id : UX DEVICE CLASS RTOS Condition cause : null
2023-11-01 09:59:09,078 [WARN] ConditionMgr:1038 - genDependencies : Invalid condition id : UX DEVICE CLASS RTOS Condition cause : null
2023-11-01 09:59:09,082 [WARN] PackLoader:238 - Cannot read IP mode file for STMicroelectronics.X-CUBE-NFC7.1.0.1
2023-11-01 09:59:09,087 [WARN] PackLoader:238 - Cannot read IP mode file for STMicroelectronics.X-CUBE-NFC6.3.0.0
2023-11-01 09:59:09,092 [WARN] PackLoader:238 - Cannot read IP mode file for STMicroelectronics.X-CUBE-EEPRMA1.4.1.0
2023-11-01 09:59:09,095 [WARN] PackLoader:238 - Cannot read IP mode file for STMicroelectronics.X-CUBE-AI.8.1.0
2023-11-01 09:59:09,108 [WARN] ConditionMgr:437 - getConditionDescription Invalid condition id : LAN8742 Phy interface Condition cause : null
2023-11-01 09:59:09,108 [WARN] PackLoader:238 - Cannot read IP mode file for STMicroelectronics.X-CUBE-AZRTOS-L4.2.0.0
2023-11-01 09:59:09,109 [WARN] ConditionMgr:1038 - genDependencies : Invalid condition id : LAN8742 Phy interface Condition cause : null
2023-11-01 09:59:09,109 [WARN] ConditionMgr:1038 - genDependencies : Invalid condition id : LAN8742 Phy interface Condition cause : null
2023-11-01 09:59:09,110 [WARN] ConditionMgr:1038 - genDependencies : Invalid condition id : LAN8742 Phy interface Condition cause : null
2023-11-01 09:59:09,115 [WARN] PackLoader:238 - Cannot read IP mode file for STMicroelectronics.X-CUBE-SFXS2LP1.4.0.0
2023-11-01 09:59:09,118 [WARN] PackLoader:238 - Cannot read IP mode file for STMicroelectronics.X-CUBE-ISPU.1.1.0
2023-11-01 09:59:09,133 [WARN] ConditionMgr:437 - getConditionDescription Invalid condition id : UX DEVICE CLASS RTOS Condition cause : null
2023-11-01 09:59:09,133 [WARN] ConditionMgr:437 - getConditionDescription Invalid condition id : UX DEVICE CLASS RTOS Condition cause : null
2023-11-01 09:59:09,135 [WARN] PackLoader:238 - Cannot read IP mode file for STMicroelectronics.X-CUBE-AZRTOS-WB.2.0.0
2023-11-01 09:59:09,135 [WARN] ConditionMgr:1038 - genDependencies : Invalid condition id : UX DEVICE CLASS RTOS Condition cause : null
2023-11-01 09:59:09,135 [WARN] ConditionMgr:1038 - genDependencies : Invalid condition id : UX DEVICE CLASS RTOS Condition cause : null
2023-11-01 09:59:09,136 [WARN] ConditionMgr:1038 - genDependencies : Invalid condition id : UX DEVICE CLASS RTOS Condition cause : null
2023-11-01 09:59:09,136 [WARN] ConditionMgr:1038 - genDependencies : Invalid condition id : UX DEVICE CLASS RTOS Condition cause : null
2023-11-01 09:59:09,136 [WARN] ConditionMgr:1038 - genDependencies : Invalid condition id : UX DEVICE CLASS RTOS Condition cause : null
2023-11-01 09:59:09,144 [WARN] PackLoader:238 - Cannot read IP mode file for STMicroelectronics.X-CUBE-SUBG2.5.0.0
2023-11-01 09:59:09,156 [ERROR] Engine:463 - C:\Users\nvnha\.stm32cubemx\thirdparties\pdsc\STMicroelectronics.X-CUBE-TOF1.3.3.1.pdsc: PDSC version is not supported
2023-11-01 09:59:09,167 [WARN] PackLoader:238 - Cannot read IP mode file for STMicroelectronics.X-CUBE-AZRTOS-G4.2.0.0
2023-11-01 09:59:09,172 [ERROR] Engine:463 - C:\Users\nvnha\.stm32cubemx\thirdparties\pdsc\Infineon.AIROC-Wi-Fi-Bluetooth-STM32.1.5.1.pdsc: PDSC version is not supported
2023-11-01 09:59:09,198 [WARN] PackLoader:238 - Cannot read IP mode file for STMicroelectronics.X-CUBE-MEMS1.10.0.0
2023-11-01 09:59:09,317 [ERROR] Engine:463 - C:\Users\nvnha\.stm32cubemx\thirdparties\pdsc\STMicroelectronics.X-CUBE-FREERTOS.1.1.0.pdsc: PDSC version is not supported
2023-11-01 09:59:09,320 [WARN] PackLoader:238 - Cannot read IP mode file for portGmbH.I-Cube-SoM-uGOAL.1.1.0
2023-11-01 09:59:09,323 [WARN] PackLoader:238 - Cannot read IP mode file for STMicroelectronics.X-CUBE-ALS.1.0.1
2023-11-01 09:59:09,325 [WARN] PackLoader:238 - Cannot read IP mode file for STMicroelectronics.FP-ATR-ASTRA1.2.0.0
2023-11-01 09:59:09,326 [INFO] ThirdParty:915 - Integrity check success = true
2023-11-01 09:59:09,326 [INFO] IntegrityCheckThread:94 - exiting critical section [integrity check]
2023-11-01 09:59:09,326 [INFO] IntegrityCheckThread:97 - End integrity checks thread
2023-11-01 09:59:11,530 [INFO] ServerAccessManage:362 - Download File crdb.zip
2023-11-01 09:59:12,960 [INFO] FileExtend:235 - Unzip File : crdb.zip
2023-11-01 09:59:12,961 [INFO] FileExtend:250 - Standard Zip Deflate
2023-11-01 09:59:13,102 [INFO] LoadUrlFilesThread:145 - End of LoadUrlFiles Thread
2023-11-01 09:59:13,211 [INFO] ServerAccessManage:362 - Download File tutoVideoDB.zip
2023-11-01 09:59:13,222 [INFO] FileExtend:235 - Unzip File : tutoVideoDB.zip
2023-11-01 09:59:13,222 [INFO] FileExtend:250 - Standard Zip Deflate
2023-11-01 09:59:13,353 [INFO] LoadUrlFilesThread:145 - End of LoadUrlFiles Thread
2023-11-01 09:59:13,355 [INFO] DbMcusAds:47 - JSON generation date=Tue Mar 07 15:50:55 ICT 2023 (1678179055335)
2023-11-01 09:59:13,363 [INFO] DbMcusDocs:143 - JSON generation date=Tue Nov 16 23:17:54 ICT 2021 (1637079474)
2023-11-01 09:59:13,364 [INFO] DbMcusXml:100 - Load MCU database from C:\ST\STM32CubeIDE_1.7.0\STM32CubeIDE\plugins\com.st.stm32cube.common.mx_6.3.0.202107141111\\db\/mcu/families.xml
2023-11-01 09:59:13,883 [INFO] DbMcusJson:93 - JSON generation date=Tue Nov 16 23:17:54 ICT 2021 (1637079474)
2023-11-01 09:59:14,353 [INFO] DbMcus:175 - Found 1951 MCUs (1903 are supported by CubeMX, 1914 are visible in CubeMX)
2023-11-01 09:59:14,353 [INFO] ApiDb:251 - Load user favorites file C:\Users\nvnha/.stm32cubeide/favorites.mcus.txt: 0 item(s)
2023-11-01 09:59:14,353 [INFO] ApiDb:255 - User favorites MCUs=[]
2023-11-01 09:59:14,353 [INFO] DbMcus:187 - Set 0 / 0 favorites MCUs
2023-11-01 09:59:14,598 [INFO] DbMcusDocs:79 - Found 682 MCUs documents
2023-11-01 09:59:14,600 [INFO] ApiDb:276 - Save user favorites file C:\Users\nvnha/.stm32cubeide/favorites.mcus.txt: 0 item(s)
2023-11-01 09:59:14,600 [INFO] ApiDb:280 - User favorites MCUs=[]
2023-11-01 09:59:14,600 [INFO] DbMcusXml:100 - Load MCU database from C:\ST\STM32CubeIDE_1.7.0\STM32CubeIDE\plugins\com.st.stm32cube.common.mx_6.3.0.202107141111\\db\/mcu/families.xml
2023-11-01 09:59:15,112 [INFO] DbMcusJson:93 - JSON generation date=Tue Nov 16 23:17:54 ICT 2021 (1637079474)
2023-11-01 09:59:15,513 [INFO] DbMcus:175 - Found 1951 MCUs (1903 are supported by CubeMX, 1914 are visible in CubeMX)
2023-11-01 09:59:15,514 [INFO] ApiDb:251 - Load user favorites file C:\Users\nvnha/.stm32cubeide/favorites.mcus.txt: 0 item(s)
2023-11-01 09:59:15,514 [INFO] ApiDb:255 - User favorites MCUs=[]
2023-11-01 09:59:15,514 [INFO] DbMcus:187 - Set 0 / 0 favorites MCUs
2023-11-01 09:59:15,519 [INFO] DbBoardsDocs:143 - JSON generation date=Tue Nov 16 23:17:54 ICT 2021 (1637079474)
2023-11-01 09:59:15,525 [INFO] DbBoardsPdsc:90 - Found 25 items
2023-11-01 09:59:15,527 [INFO] DbBoardsPdsc:90 - Found 9 items
2023-11-01 09:59:15,529 [INFO] DbBoardsPdsc:90 - Found 33 items
2023-11-01 09:59:15,530 [INFO] DbBoardsPdsc:90 - Found 1 items
2023-11-01 09:59:15,533 [INFO] DbBoardsPdsc:90 - Found 48 items
2023-11-01 09:59:15,538 [INFO] DbBoardsPdsc:90 - Found 43 items
2023-11-01 09:59:15,539 [INFO] DbBoardsPdsc:90 - Found 2 items
2023-11-01 09:59:15,541 [INFO] DbBoardsPdsc:90 - Found 5 items
2023-11-01 09:59:15,545 [WARN] DbBoardsPdsc:254 - Board STM32H7B3I-DK: unknown feature type=Audio, name=, username=Audio stereo codec with Headphone Amp (CS42L51-CNZ), n=1
2023-11-01 09:59:15,545 [WARN] DbBoardsPdsc:254 - Board STM32H735G-DK: unknown feature type=Audio, name=, username=Audio stereo codec with Headphone Amp (WM8994ECS/R), n=1
2023-11-01 09:59:15,546 [WARN] DbBoardsPdsc:254 - Board STM32H7B3I-EVAL: unknown feature type=Audio, name=, username=Multi-Channel Audio Codec (CS42L51-CNZ), n=1
2023-11-01 09:59:15,546 [WARN] DbBoardsPdsc:254 - Board STM32H7B3I-EVAL: unknown feature type=Meter, name=, username=Power-metering and Temperature-monitoring with sigma-delta modulators, n=1
2023-11-01 09:59:15,546 [WARN] DbBoardsPdsc:254 - Board STM32H7B3I-EVAL: unknown feature type=Motor, name=, username=Motor Control, n=1
2023-11-01 09:59:15,547 [WARN] DbBoardsPdsc:254 - Board STM32U575I-EV: unknown feature type=joystick, name=, username=4-direction joystick with selection button, n=1
2023-11-01 09:59:15,571 [INFO] DbBoardsJson:86 - JSON generation date=Tue Nov 16 23:17:54 ICT 2021 (1637079474)
2023-11-01 09:59:15,578 [INFO] DbBoards:117 - Found 167 boards (163 are supported by CubeMX)
2023-11-01 09:59:15,580 [INFO] DbBoardsDocs:143 - JSON generation date=Tue Nov 16 23:17:54 ICT 2021 (1637079474)
2023-11-01 09:59:15,583 [INFO] DbBoardsDocs:79 - Found 209 boards documents
2023-11-01 09:59:15,585 [WARN] DbBoards:127 - board B-L475E-IOT01A2 has no document id list !
2023-11-01 09:59:15,585 [WARN] DbBoards:127 - board NUCLEO-H743ZI has no document id list !
2023-11-01 09:59:15,586 [WARN] DbBoards:127 - board NUCLEO-WL55JC2 has no document id list !
2023-11-01 09:59:15,586 [WARN] DbBoards:127 - board P-NUCLEO-WB55-Nucleo has no document id list !
2023-11-01 09:59:15,586 [WARN] DbBoards:127 - board P-NUCLEO-WB55-USBDongle has no document id list !
2023-11-01 09:59:15,586 [WARN] DbBoards:127 - board STEVAL-BFA001V1B has no document id list !
2023-11-01 09:59:15,586 [WARN] DbBoards:127 - board STEVAL-BFA001V2B has no document id list !
2023-11-01 09:59:15,587 [WARN] DbBoards:127 - board STEVAL-IDP005V1 has no document id list !
2023-11-01 09:59:15,587 [WARN] DbBoards:127 - board STEVAL-IDP005V2 has no document id list !
2023-11-01 09:59:15,587 [WARN] DbBoards:127 - board STEVAL-MKSBOX1V1 has no document id list !
2023-11-01 09:59:15,587 [WARN] DbBoards:127 - board STEVAL-STWINKT1 has no document id list !
2023-11-01 09:59:15,587 [WARN] DbBoards:127 - board STEVAL-STWINKT1B has no document id list !
2023-11-01 09:59:15,587 [WARN] DbBoards:127 - board STM32439I-EVAL2 has no document id list !
2023-11-01 09:59:15,587 [WARN] DbBoards:127 - board STM32F401C-DISCO has no document id list !
2023-11-01 09:59:15,588 [WARN] DbBoards:127 - board STM32F769I-DISC1 has no document id list !
2023-11-01 09:59:15,588 [WARN] DbBoards:127 - board STM32G474E-EVAL1 has no document id list !
2023-11-01 09:59:15,588 [WARN] DbBoards:127 - board STM32H743I-EVAL2 has no document id list !
2023-11-01 09:59:15,588 [WARN] DbBoards:127 - board STM32H747I-DISC1 has no document id list !
2023-11-01 09:59:15,588 [WARN] DbBoards:127 - board STM32H753I-EVAL2 has no document id list !
2023-11-01 09:59:15,589 [WARN] DbBoards:127 - board STM32L-DISCOVERY has no document id list !
2023-11-01 09:59:15,691 [ERROR] DbBoards:189 - Image file not found for board B-U585I-IOT02A: C:\ST\STM32CubeIDE_1.7.0\STM32CubeIDE\plugins\com.st.stm32cube.common.mx_6.3.0.202107141111\\db\/plugins/mcufinder/images/boards/B-U585I-IOT02A_small.jpg
2023-11-01 09:59:15,767 [ERROR] DbBoards:189 - Image file not found for board NUCLEO-F413ZH: C:\ST\STM32CubeIDE_1.7.0\STM32CubeIDE\plugins\com.st.stm32cube.common.mx_6.3.0.202107141111\\db\/plugins/mcufinder/images/boards/nucleo-f413zh_small.jpg
2023-11-01 09:59:15,907 [ERROR] DbBoards:189 - Image file not found for board NUCLEO-L552ZE-Q: C:\ST\STM32CubeIDE_1.7.0\STM32CubeIDE\plugins\com.st.stm32cube.common.mx_6.3.0.202107141111\\db\/plugins/mcufinder/images/boards/nucleo_l552ze_q_small.jpg
2023-11-01 09:59:15,908 [ERROR] DbBoards:189 - Image file not found for board NUCLEO-U575ZI-Q: C:\ST\STM32CubeIDE_1.7.0\STM32CubeIDE\plugins\com.st.stm32cube.common.mx_6.3.0.202107141111\\db\/plugins/mcufinder/images/boards/nucleo-u575zi-q_small.jpg
2023-11-01 09:59:15,908 [ERROR] DbBoards:189 - Image file not found for board NUCLEO-WB15CC: C:\ST\STM32CubeIDE_1.7.0\STM32CubeIDE\plugins\com.st.stm32cube.common.mx_6.3.0.202107141111\\db\/plugins/mcufinder/images/boards/nucleo-wb15cc_small.jpg
2023-11-01 09:59:15,908 [ERROR] DbBoards:189 - Image file not found for board NUCLEO-WB55RG: C:\ST\STM32CubeIDE_1.7.0\STM32CubeIDE\plugins\com.st.stm32cube.common.mx_6.3.0.202107141111\\db\/plugins/mcufinder/images/boards/nucleo-wb55rg_small.jpg
2023-11-01 09:59:16,747 [INFO] ApiDb:251 - Load user favorites file C:\Users\nvnha/.stm32cubeide/favorites.boards.txt: 0 item(s)
2023-11-01 09:59:16,747 [INFO] ApiDb:255 - User favorites Boards=[]
2023-11-01 09:59:16,747 [INFO] DbBoards:206 - Set 0 / 0 favorites Boards
2023-11-01 09:59:16,749 [INFO] DbBoardsDocs:79 - Found 418 boards documents
2023-11-01 09:59:16,750 [INFO] ApiDb:276 - Save user favorites file C:\Users\nvnha/.stm32cubeide/favorites.boards.txt: 0 item(s)
2023-11-01 09:59:16,750 [INFO] ApiDb:280 - User favorites Boards=[]
2023-11-01 09:59:16,752 [INFO] DbBoardsPdsc:90 - Found 25 items
2023-11-01 09:59:16,754 [INFO] DbBoardsPdsc:90 - Found 9 items
2023-11-01 09:59:16,755 [INFO] DbBoardsPdsc:90 - Found 33 items
2023-11-01 09:59:16,756 [INFO] DbBoardsPdsc:90 - Found 1 items
2023-11-01 09:59:16,760 [INFO] DbBoardsPdsc:90 - Found 48 items
2023-11-01 09:59:16,763 [INFO] DbBoardsPdsc:90 - Found 43 items
2023-11-01 09:59:16,765 [INFO] DbBoardsPdsc:90 - Found 2 items
2023-11-01 09:59:16,766 [INFO] DbBoardsPdsc:90 - Found 5 items
2023-11-01 09:59:16,768 [WARN] DbBoardsPdsc:254 - Board STM32H7B3I-DK: unknown feature type=Audio, name=, username=Audio stereo codec with Headphone Amp (CS42L51-CNZ), n=1
2023-11-01 09:59:16,768 [WARN] DbBoardsPdsc:254 - Board STM32H735G-DK: unknown feature type=Audio, name=, username=Audio stereo codec with Headphone Amp (WM8994ECS/R), n=1
2023-11-01 09:59:16,769 [WARN] DbBoardsPdsc:254 - Board STM32H7B3I-EVAL: unknown feature type=Audio, name=, username=Multi-Channel Audio Codec (CS42L51-CNZ), n=1
2023-11-01 09:59:16,769 [WARN] DbBoardsPdsc:254 - Board STM32H7B3I-EVAL: unknown feature type=Meter, name=, username=Power-metering and Temperature-monitoring with sigma-delta modulators, n=1
2023-11-01 09:59:16,769 [WARN] DbBoardsPdsc:254 - Board STM32H7B3I-EVAL: unknown feature type=Motor, name=, username=Motor Control, n=1
2023-11-01 09:59:16,770 [WARN] DbBoardsPdsc:254 - Board STM32U575I-EV: unknown feature type=joystick, name=, username=4-direction joystick with selection button, n=1
2023-11-01 09:59:16,790 [INFO] DbBoardsJson:86 - JSON generation date=Tue Nov 16 23:17:54 ICT 2021 (1637079474)
2023-11-01 09:59:16,794 [INFO] DbBoards:117 - Found 167 boards (163 are supported by CubeMX)
2023-11-01 09:59:16,794 [WARN] DbBoards:127 - board B-L475E-IOT01A2 has no document id list !
2023-11-01 09:59:16,795 [WARN] DbBoards:127 - board NUCLEO-H743ZI has no document id list !
2023-11-01 09:59:16,795 [WARN] DbBoards:127 - board NUCLEO-WL55JC2 has no document id list !
2023-11-01 09:59:16,796 [WARN] DbBoards:127 - board P-NUCLEO-WB55-Nucleo has no document id list !
2023-11-01 09:59:16,796 [WARN] DbBoards:127 - board P-NUCLEO-WB55-USBDongle has no document id list !
2023-11-01 09:59:16,796 [WARN] DbBoards:127 - board STEVAL-BFA001V1B has no document id list !
2023-11-01 09:59:16,796 [WARN] DbBoards:127 - board STEVAL-BFA001V2B has no document id list !
2023-11-01 09:59:16,796 [WARN] DbBoards:127 - board STEVAL-IDP005V1 has no document id list !
2023-11-01 09:59:16,796 [WARN] DbBoards:127 - board STEVAL-IDP005V2 has no document id list !
2023-11-01 09:59:16,796 [WARN] DbBoards:127 - board STEVAL-MKSBOX1V1 has no document id list !
2023-11-01 09:59:16,796 [WARN] DbBoards:127 - board STEVAL-STWINKT1 has no document id list !
2023-11-01 09:59:16,796 [WARN] DbBoards:127 - board STEVAL-STWINKT1B has no document id list !
2023-11-01 09:59:16,796 [WARN] DbBoards:127 - board STM32439I-EVAL2 has no document id list !
2023-11-01 09:59:16,796 [WARN] DbBoards:127 - board STM32F401C-DISCO has no document id list !
2023-11-01 09:59:16,796 [WARN] DbBoards:127 - board STM32F769I-DISC1 has no document id list !
2023-11-01 09:59:16,796 [WARN] DbBoards:127 - board STM32G474E-EVAL1 has no document id list !
2023-11-01 09:59:16,796 [WARN] DbBoards:127 - board STM32H743I-EVAL2 has no document id list !
2023-11-01 09:59:16,796 [WARN] DbBoards:127 - board STM32H747I-DISC1 has no document id list !
2023-11-01 09:59:16,796 [WARN] DbBoards:127 - board STM32H753I-EVAL2 has no document id list !
2023-11-01 09:59:16,796 [WARN] DbBoards:127 - board STM32L-DISCOVERY has no document id list !
2023-11-01 09:59:16,862 [ERROR] DbBoards:189 - Image file not found for board B-U585I-IOT02A: C:\ST\STM32CubeIDE_1.7.0\STM32CubeIDE\plugins\com.st.stm32cube.common.mx_6.3.0.202107141111\\db\/plugins/mcufinder/images/boards/B-U585I-IOT02A_small.jpg
2023-11-01 09:59:16,929 [ERROR] DbBoards:189 - Image file not found for board NUCLEO-F413ZH: C:\ST\STM32CubeIDE_1.7.0\STM32CubeIDE\plugins\com.st.stm32cube.common.mx_6.3.0.202107141111\\db\/plugins/mcufinder/images/boards/nucleo-f413zh_small.jpg
2023-11-01 09:59:17,075 [ERROR] DbBoards:189 - Image file not found for board NUCLEO-L552ZE-Q: C:\ST\STM32CubeIDE_1.7.0\STM32CubeIDE\plugins\com.st.stm32cube.common.mx_6.3.0.202107141111\\db\/plugins/mcufinder/images/boards/nucleo_l552ze_q_small.jpg
2023-11-01 09:59:17,075 [ERROR] DbBoards:189 - Image file not found for board NUCLEO-U575ZI-Q: C:\ST\STM32CubeIDE_1.7.0\STM32CubeIDE\plugins\com.st.stm32cube.common.mx_6.3.0.202107141111\\db\/plugins/mcufinder/images/boards/nucleo-u575zi-q_small.jpg
2023-11-01 09:59:17,075 [ERROR] DbBoards:189 - Image file not found for board NUCLEO-WB15CC: C:\ST\STM32CubeIDE_1.7.0\STM32CubeIDE\plugins\com.st.stm32cube.common.mx_6.3.0.202107141111\\db\/plugins/mcufinder/images/boards/nucleo-wb15cc_small.jpg
2023-11-01 09:59:17,075 [ERROR] DbBoards:189 - Image file not found for board NUCLEO-WB55RG: C:\ST\STM32CubeIDE_1.7.0\STM32CubeIDE\plugins\com.st.stm32cube.common.mx_6.3.0.202107141111\\db\/plugins/mcufinder/images/boards/nucleo-wb55rg_small.jpg
2023-11-01 09:59:17,655 [INFO] ApiDb:251 - Load user favorites file C:\Users\nvnha/.stm32cubeide/favorites.boards.txt: 0 item(s)
2023-11-01 09:59:17,655 [INFO] ApiDb:255 - User favorites Boards=[]
2023-11-01 09:59:17,656 [INFO] DbBoards:206 - Set 0 / 0 favorites Boards
2023-11-01 09:59:17,663 [INFO] LoadUrlFilesThread:172 - End of LoadServerUrlFiles without Thread
2023-11-01 09:59:17,663 [INFO] TargetSelectorAdapter:224 - Refresh data is successful
2023-11-01 09:59:17,738 [INFO] ApiDb:479 - Connected to CubeFinder SQLite database (C:\Users\nvnha\.stmcufinder\plugins\mcufinder\mcu\cube-finder-db.db)
2023-11-01 09:59:18,312 [ERROR] DbExamplesSqlite:446 - Missing JSON key: board_cpn
2023-11-01 09:59:18,312 [ERROR] DbExamplesSqlite:446 - Missing JSON key: board_cpn
2023-11-01 09:59:18,312 [ERROR] DbExamplesSqlite:446 - Missing JSON key: board_cpn
2023-11-01 09:59:18,312 [ERROR] DbExamplesSqlite:446 - Missing JSON key: board_cpn
2023-11-01 09:59:18,318 [INFO] DbExamplesSqlite:411 - Ignored 27 examples not supported by CubeIDE
2023-11-01 09:59:18,318 [INFO] DbExamplesSqlite:412 - Found 7221 examples active
2023-11-01 09:59:18,318 [INFO] DbExamplesSqlite:413 - Found 777 examples obsolete
2023-11-01 09:59:18,318 [INFO] DbExamplesSqlite:414 - Found 0 examples under development
2023-11-01 09:59:18,318 [INFO] DbExamplesSqlite:415 - Found 74 examples not building
2023-11-01 09:59:18,364 [INFO] DbExamplesSqlite:108 - CubeFinder database Data Model version=2.1
2023-11-01 09:59:18,364 [INFO] DbExamplesSqlite:109 - CubeFinder database Configuration version=3.0.37
2023-11-01 09:59:18,364 [INFO] DbExamplesSqlite:110 - CubeFinder database generation date=2023-10-13 (1697197505)
2023-11-01 09:59:18,364 [INFO] DbExamplesSqlite:111 - CubeFinder database FW Pack versions=[FP-ATR-ASTRA1_V2.0.0, FP-SNS-FLIGHT1_V5.0.1, FP-SNS-FLIGHT1_V5.0.2, FP-SNS-MOTENV1_V4.3.1, FP-SNS-MOTENV1_V4.3.2, FP-SNS-SMARTAG2_V1.2.0, I-CUBE-ITTIADB_V8.6.3-1, STM32Cube_FW_C0_V1.1.0, STM32Cube_FW_F4_V1.27.1, STM32Cube_FW_F7_V1.17.0, STM32Cube_FW_G0_V1.6.1, STM32Cube_FW_G4_V1.5.1, STM32Cube_FW_H5_V0.5.1, STM32Cube_FW_H5_V1.1.1, STM32Cube_FW_H7_V1.11.0, STM32Cube_FW_L0_V1.12.2, STM32Cube_FW_L5_V1.5.0, STM32Cube_FW_U5_V1.3.0, STM32Cube_FW_U5_V1.3.0RC4, STM32Cube_FW_WBA_V1.0.0RC1, STM32Cube_FW_WBA_V1.1.0RC1, STM32Cube_FW_WBA_V1.1.1, STM32Cube_FW_WB_V1.15.0RC1, STM32Cube_FW_WB_V1.16.0, STM32Cube_FW_WB_V1.16.0RC2, STM32Cube_FW_WB_V1.17.3, STM32Cube_FW_WL_V1.3.0, X-CUBE-ALGOBUILD_V1.3.0, X-CUBE-ALS_V1.0.1, X-CUBE-AZRTOS-F4_V1.1.0, X-CUBE-AZRTOS-F7_V1.1.0, X-CUBE-AZRTOS-G0_V1.1.0, X-CUBE-AZRTOS-G4_V2.0.0, X-CUBE-AZRTOS-H7_V3.1.0, X-CUBE-AZRTOS-L4_V1.0.0, X-CUBE-AZRTOS-L4_V2.0.0, X-CUBE-AZRTOS-L5_V1.1.0, X-CUBE-AZRTOS-WB_V2.0.0, X-CUBE-AZRTOS-WL_V2.0.0, X-CUBE-BLE1_V7.0.0, X-CUBE-BLE2_V3.3.0, X-CUBE-BLEMGR_V2.0.0, X-CUBE-EEPRMA1_V4.1.0, X-CUBE-FREERTOS_V1.1.0, X-CUBE-GNSS1_V6.0.0, X-CUBE-MEMS1_V10.0.0, X-CUBE-MEMS1_V9.1.0, X-CUBE-MEMS1_V9.4.0, X-CUBE-MEMS1_V9.6.0, X-CUBE-NFC4_V3.0.0, X-CUBE-NFC7_V1.0.1, X-CUBE-SFXS2LP1_V4.0.0, X-CUBE-SUBG2_V5.0.0, X-CUBE-TOF1_V3.3.1]
2023-11-01 09:59:18,365 [INFO] DbExamples:130 - Found 7268 examples
2023-11-01 09:59:18,916 [ERROR] DbExamples:206 - Found 7268 examples with invalid data (board or MCU)
2023-11-01 09:59:18,916 [INFO] DbExamples:222 - Found 79 boards with related examples
2023-11-01 09:59:18,916 [INFO] DbExamples:235 - Found 0 MCUs with related examples
2023-11-01 09:59:18,933 [INFO] ApiDb:242 - User favorites file not found: C:\Users\nvnha/.stm32cubeide/favorites.examples.txt
2023-11-01 09:59:18,933 [INFO] DbExamples:256 - Set 0 / 0 favorites Examples
2023-11-01 09:59:19,048 [INFO] McuFinderGlobals:52 - Set McuFinderConnectedMode to false
2023-11-01 09:59:19,127 [INFO] CrossSelectorPresenter:1330 - Cross Selector saved comparison directory: C:\Users\nvnha\.stmcufinder\plugins\mcufinder\mcu\cs_comparisons_mx
2023-11-01 09:59:19,131 [INFO] MultiScanPanel:197 - Auto-refresh data requested => check proxy status ongoing
2023-11-01 09:59:19,131 [INFO] MultiScanPanel:201 - Proxy status is invalid
2023-11-01 09:59:19,133 [INFO] FinderPluginLoader:87 - Searching for filters in installed packs
2023-11-01 09:59:19,427 [INFO] DetailPanel:309 - Set advertising image to C:/Users/nvnha/STM32Cube/Repository/\en.prom-stm32h5-mcu-finder.jpg
2023-11-01 10:03:57,346 [INFO] McuFinderGlobals:52 - Set McuFinderConnectedMode to true
2023-11-01 10:03:57,349 [INFO] ApiDb:276 - Save user favorites file C:\Users\nvnha/.stm32cubeide/favorites.mcus.txt: 0 item(s)
2023-11-01 10:03:57,349 [INFO] ApiDb:280 - User favorites MCUs=[]
